<?xml version="1.0" encoding="UTF-8"?>
<!-- Generated by org.testng.reporters.JUnitReportReporter -->
<testsuite skipped="0" hostname="Mark-PC" name="tests.ScreenshotToReportDemo" tests="2" failures="0" timestamp="2020-06-18T16:05:34 EDT" time="27.770" errors="0">
  <testcase name="testForcars" time="14.834" classname="tests.ScreenshotToReportDemo"/>
  <system-out>
Test case 1. Confirm google returns results for 'Chevrolet cars'<hr> Step 1. Run search for 'Chevrolet cars' <img src="\screenshots\20200618_160510.png"/> Result: Results found, as expected. <img src="\screenshots\20200618_160521.png"/>  </system-out>
  <testcase name="testForTrucks" time="12.936" classname="tests.ScreenshotToReportDemo"/>
  <system-out>
Test case 2. Confirm google returns results for 'Chevrolet trucks'<hr> Step 1. Run search for 'Chevrolet trucks' <img src="\screenshots\20200618_160525.png"/> Result: Results found, as expected. <img src="\screenshots\20200618_160532.png"/>  </system-out>
</testsuite> <!-- tests.ScreenshotToReportDemo -->
