<?xml version="1.0" encoding="UTF-8"?>
<!-- Generated by org.testng.reporters.JUnitReportReporter -->
<testsuite skipped="0" hostname="Mark-PC" name="tests.ExtentReportsDemoWithTestNG2" tests="2" failures="0" timestamp="2020-06-06T15:37:00 EDT" time="11.694" errors="0">
  <testcase name="test2" time="0.012" classname="tests.ExtentReportsDemoWithTestNG2"/>
  <system-out/>
  <testcase name="test1" time="11.682" classname="tests.ExtentReportsDemoWithTestNG2"/>
  <system-out/>
</testsuite> <!-- tests.ExtentReportsDemoWithTestNG2 -->
