<?xml version="1.0" encoding="UTF-8"?>
<!-- Generated by org.testng.reporters.JUnitReportReporter -->
<testsuite skipped="0" hostname="Mark-PC" name="tests.ScreenshotToReportDemo" tests="2" failures="0" timestamp="2020-06-18T16:04:00 EDT" time="29.875" errors="0">
  <testcase name="testForcars" time="20.562" classname="tests.ScreenshotToReportDemo"/>
  <system-out>
Test case 1. Confirm google returns results for 'Chevrolet cars'<hr> Step 1. Run search for 'Chevrolet cars' <img src="\screenshots\20200618_160336.png"/> Result: Results found, as expected. <img src="\screenshots\20200618_160348.png"/>  </system-out>
  <testcase name="testForTrucks" time="9.313" classname="tests.ScreenshotToReportDemo"/>
  <system-out>
Test case 2. Confirm google returns results for 'Chevrolet trucks'<hr> Step 1. Run search for 'Chevrolet trucks' <img src="\screenshots\20200618_160351.png"/> Result: Results found, as expected. <img src="\screenshots\20200618_160358.png"/>  </system-out>
</testsuite> <!-- tests.ScreenshotToReportDemo -->
