<?xml version="1.0" encoding="UTF-8"?>
<!-- Generated by org.testng.reporters.JUnitReportReporter -->
<testsuite skipped="0" hostname="Mark-PC" name="tests.ZillowQueensSearchTest" tests="6" failures="0" timestamp="2020-06-13T18:55:40 EDT" time="140.408" errors="0">
  <testcase name="ZillowSearchQueens" time="32.148" classname="tests.ZillowQueensSearchTest"/>
  <system-out/>
  <testcase name="ZillowSearchAstoria" time="17.991" classname="tests.ZillowQueensSearchTest"/>
  <system-out/>
  <testcase name="ZillowSearchElmhurst" time="24.569" classname="tests.ZillowQueensSearchTest"/>
  <system-out/>
  <testcase name="ZillowSearchJaxHeights" time="20.903" classname="tests.ZillowQueensSearchTest"/>
  <system-out/>
  <testcase name="ZillowSearchSunnyside" time="19.552" classname="tests.ZillowQueensSearchTest"/>
  <system-out/>
  <testcase name="ZillowSearchWoodside" time="25.245" classname="tests.ZillowQueensSearchTest"/>
  <system-out/>
</testsuite> <!-- tests.ZillowQueensSearchTest -->
