<?xml version="1.0" encoding="UTF-8"?>
<!-- Generated by org.testng.reporters.JUnitReportReporter -->
<testsuite skipped="0" hostname="Mark-PC" name="tests.ZillowQueensSearchTest" tests="6" failures="0" timestamp="2020-06-23T21:12:34 EDT" time="197.586" errors="0">
  <testcase name="ZillowSearchJaxHeights" time="29.583" classname="tests.ZillowQueensSearchTest"/>
  <system-out/>
  <testcase name="ZillowSearchAstoria" time="53.084" classname="tests.ZillowQueensSearchTest"/>
  <system-out/>
  <testcase name="ZillowSearchWoodside" time="19.314" classname="tests.ZillowQueensSearchTest"/>
  <system-out/>
  <testcase name="ZillowSearchQueens" time="39.859" classname="tests.ZillowQueensSearchTest"/>
  <system-out/>
  <testcase name="ZillowSearchSunnyside" time="28.285" classname="tests.ZillowQueensSearchTest"/>
  <system-out/>
  <testcase name="ZillowSearchElmhurst" time="27.461" classname="tests.ZillowQueensSearchTest"/>
  <system-out/>
</testsuite> <!-- tests.ZillowQueensSearchTest -->
