<?xml version="1.0" encoding="UTF-8"?>
<!-- Generated by org.testng.reporters.JUnitReportReporter -->
<testsuite skipped="0" hostname="Mark-PC" name="tests.ZillowSearchPageTest" tests="6" failures="0" timestamp="2020-06-10T15:03:01 EDT" time="108.836" errors="0">
  <testcase name="ZillowSearchQueens" time="29.261" classname="tests.ZillowSearchPageTest"/>
  <system-out/>
  <testcase name="ZillowSearchAstoria" time="17.089" classname="tests.ZillowSearchPageTest"/>
  <system-out/>
  <testcase name="ZillowSearchElmhurst" time="16.535" classname="tests.ZillowSearchPageTest"/>
  <system-out/>
  <testcase name="ZillowSearchJaxHeights" time="17.041" classname="tests.ZillowSearchPageTest"/>
  <system-out/>
  <testcase name="ZillowSearchSunnyside" time="14.466" classname="tests.ZillowSearchPageTest"/>
  <system-out/>
  <testcase name="ZillowSearchWoodside" time="14.444" classname="tests.ZillowSearchPageTest"/>
  <system-out/>
</testsuite> <!-- tests.ZillowSearchPageTest -->
