<?xml version="1.0" encoding="UTF-8"?>
<!-- Generated by org.testng.reporters.JUnitReportReporter -->
<testsuite skipped="0" hostname="Mark-PC" name="tests.ZillowQueensSearchTest" tests="6" failures="0" timestamp="2020-06-15T13:00:07 EDT" time="125.747" errors="0">
  <testcase name="ZillowSearchQueens" time="34.229" classname="tests.ZillowQueensSearchTest"/>
  <system-out/>
  <testcase name="ZillowSearchAstoria" time="19.760" classname="tests.ZillowQueensSearchTest"/>
  <system-out/>
  <testcase name="ZillowSearchElmhurst" time="17.080" classname="tests.ZillowQueensSearchTest"/>
  <system-out/>
  <testcase name="ZillowSearchJaxHeights" time="20.201" classname="tests.ZillowQueensSearchTest"/>
  <system-out/>
  <testcase name="ZillowSearchSunnyside" time="18.627" classname="tests.ZillowQueensSearchTest"/>
  <system-out/>
  <testcase name="ZillowSearchWoodside" time="15.850" classname="tests.ZillowQueensSearchTest"/>
  <system-out/>
</testsuite> <!-- tests.ZillowQueensSearchTest -->
