<?xml version="1.0" encoding="UTF-8"?>
<!-- Generated by org.testng.reporters.JUnitReportReporter -->
<testsuite skipped="0" hostname="Mark-PC" name="tests.ZillowBrooklynSearchTest" tests="3" failures="0" timestamp="2020-06-13T18:55:40 EDT" time="69.049" errors="0">
  <testcase name="ZillowSearchBrooklyn" time="30.593" classname="tests.ZillowBrooklynSearchTest"/>
  <system-out/>
  <testcase name="ZillowSearchWilliamsburg" time="19.282" classname="tests.ZillowBrooklynSearchTest"/>
  <system-out/>
  <testcase name="ZillowSearchGreenpoint" time="19.174" classname="tests.ZillowBrooklynSearchTest"/>
  <system-out/>
</testsuite> <!-- tests.ZillowBrooklynSearchTest -->
