<?xml version="1.0" encoding="UTF-8"?>
<!-- Generated by org.testng.reporters.JUnitReportReporter -->
<testsuite skipped="0" hostname="Mark-PC" name="tests.ZillowBrooklynSearchTest" tests="3" failures="0" timestamp="2020-06-23T21:12:34 EDT" time="152.718" errors="0">
  <testcase name="ZillowSearchGreenpoint" time="25.448" classname="tests.ZillowBrooklynSearchTest"/>
  <system-out/>
  <testcase name="ZillowSearchBrooklyn" time="71.135" classname="tests.ZillowBrooklynSearchTest"/>
  <system-out/>
  <testcase name="ZillowSearchWilliamsburg" time="56.135" classname="tests.ZillowBrooklynSearchTest"/>
  <system-out/>
</testsuite> <!-- tests.ZillowBrooklynSearchTest -->
