<?xml version="1.0" encoding="UTF-8"?>
<!-- Generated by org.testng.reporters.JUnitReportReporter -->
<testsuite skipped="0" hostname="Mark-PC" name="tests.ZillowQueensSearchTest" tests="6" failures="0" timestamp="2020-06-19T13:31:51 EDT" time="190.050" errors="0">
  <testcase name="ZillowSearchJaxHeights" time="45.570" classname="tests.ZillowQueensSearchTest"/>
  <system-out/>
  <testcase name="ZillowSearchQueens" time="27.390" classname="tests.ZillowQueensSearchTest"/>
  <system-out/>
  <testcase name="ZillowSearchWoodside" time="24.137" classname="tests.ZillowQueensSearchTest"/>
  <system-out/>
  <testcase name="ZillowSearchAstoria" time="31.808" classname="tests.ZillowQueensSearchTest"/>
  <system-out/>
  <testcase name="ZillowSearchSunnyside" time="26.129" classname="tests.ZillowQueensSearchTest"/>
  <system-out/>
  <testcase name="ZillowSearchElmhurst" time="35.016" classname="tests.ZillowQueensSearchTest"/>
  <system-out/>
</testsuite> <!-- tests.ZillowQueensSearchTest -->
