<?xml version="1.0" encoding="UTF-8"?>
<!-- Generated by org.testng.reporters.JUnitReportReporter -->
<testsuite skipped="0" hostname="Mark-PC" name="tests.ScreenshotToReportDemo" tests="2" failures="0" timestamp="2020-06-17T12:25:22 EDT" time="38.946" errors="0">
  <testcase name="testForcars" time="26.590" classname="tests.ScreenshotToReportDemo"/>
  <system-out>
Test case 1. Confirm google returns results for 'Chevrolet cars'<hr> Step 1. Run search for 'Chevrolet cars' <img src='C:\Users\Mark\git\SeleniumZillowTestFramework\SeleniumZillowTestFramework\screenshots\20200617_122450.png'/> Result: Results found, as expected. <img src='C:\Users\Mark\git\SeleniumZillowTestFramework\SeleniumZillowTestFramework\screenshots\20200617_122508.png'/>  </system-out>
  <testcase name="testForTrucks" time="12.356" classname="tests.ScreenshotToReportDemo"/>
  <system-out>
Test case 2. Confirm google returns results for 'Chevrolet trucks'<hr> Step 1. Run search for 'Chevrolet trucks' <img src='C:\Users\Mark\git\SeleniumZillowTestFramework\SeleniumZillowTestFramework\screenshots\20200617_122512.png'/> Result: Results found, as expected. <img src='C:\Users\Mark\git\SeleniumZillowTestFramework\SeleniumZillowTestFramework\screenshots\20200617_122521.png'/>  </system-out>
</testsuite> <!-- tests.ScreenshotToReportDemo -->
