<?xml version="1.0" encoding="UTF-8"?>
<!-- Generated by org.testng.reporters.JUnitReportReporter -->
<testsuite skipped="0" hostname="Mark-PC" name="listeners.TestNGListenerDemo" tests="3" failures="0" timestamp="2020-06-07T12:57:33 EDT" time="19.341" errors="0">
  <testcase name="Test2" time="19.315" classname="listeners.TestNGListenerDemo"/>
  <system-out/>
  <testcase name="Test1" time="0.024" classname="listeners.TestNGListenerDemo"/>
  <system-out/>
  <testcase name="Test3" time="0.002" classname="listeners.TestNGListenerDemo"/>
  <system-out/>
</testsuite> <!-- listeners.TestNGListenerDemo -->
