<?xml version="1.0" encoding="UTF-8"?>
<!-- Generated by org.testng.reporters.JUnitReportReporter -->
<testsuite skipped="0" hostname="Mark-PC" name="utils.ExcelDataProvider" tests="3" failures="0" timestamp="2020-06-04T15:14:01 EDT" time="81.216" errors="0">
  <testcase name="test1" time="41.667" classname="utils.ExcelDataProvider"/>
  <system-out/>
  <testcase name="test1" time="19.354" classname="utils.ExcelDataProvider"/>
  <system-out/>
  <testcase name="test1" time="20.195" classname="utils.ExcelDataProvider"/>
  <system-out/>
</testsuite> <!-- utils.ExcelDataProvider -->
