<?xml version="1.0" encoding="UTF-8"?>
<!-- Generated by org.testng.reporters.JUnitReportReporter -->
<testsuite skipped="0" hostname="Mark-PC" name="tests.ZillowBrooklynSearchTest" tests="3" failures="0" timestamp="2020-06-15T13:00:07 EDT" time="82.315" errors="0">
  <testcase name="ZillowSearchBrooklyn" time="44.206" classname="tests.ZillowBrooklynSearchTest"/>
  <system-out/>
  <testcase name="ZillowSearchWilliamsburg" time="17.369" classname="tests.ZillowBrooklynSearchTest"/>
  <system-out/>
  <testcase name="ZillowSearchGreenpoint" time="20.740" classname="tests.ZillowBrooklynSearchTest"/>
  <system-out/>
</testsuite> <!-- tests.ZillowBrooklynSearchTest -->
