<?xml version="1.0" encoding="UTF-8"?>
<!-- Generated by org.testng.reporters.JUnitReportReporter -->
<testsuite skipped="0" hostname="Mark-PC" name="tests.ZillowBrooklynSearchTest" tests="3" failures="0" timestamp="2020-06-19T13:31:51 EDT" time="146.510" errors="0">
  <testcase name="ZillowSearchBrooklyn" time="50.421" classname="tests.ZillowBrooklynSearchTest"/>
  <system-out/>
  <testcase name="ZillowSearchWilliamsburg" time="50.434" classname="tests.ZillowBrooklynSearchTest"/>
  <system-out/>
  <testcase name="ZillowSearchGreenpoint" time="45.655" classname="tests.ZillowBrooklynSearchTest"/>
  <system-out/>
</testsuite> <!-- tests.ZillowBrooklynSearchTest -->
