<?xml version="1.0" encoding="UTF-8"?>
<!-- Generated by org.testng.reporters.JUnitReportReporter -->
<testsuite skipped="0" hostname="Mark-PC" name="tests.ScreenshotToReportDemo" tests="1" failures="0" timestamp="2020-06-17T12:10:51 EDT" time="21.935" errors="0">
  <testcase name="testForcars" time="21.935" classname="tests.ScreenshotToReportDemo"/>
  <system-out>
Test case 1. Confirm google returns results for 'Chevrolet cars' Step 1. Run search for 'Chevrolet cars' <img src='C:\Users\Mark\git\SeleniumZillowTestFramework\SeleniumZillowTestFramework\screenshots\20200617_121035.png'/> Result: Results found, as expected. <img src='C:\Users\Mark\git\SeleniumZillowTestFramework\SeleniumZillowTestFramework\screenshots\20200617_121049.png'/>  </system-out>
</testsuite> <!-- tests.ScreenshotToReportDemo -->
