<?xml version="1.0" encoding="UTF-8"?>
<!-- Generated by org.testng.reporters.JUnitReportReporter -->
<testsuite skipped="0" hostname="Mark-PC" name="tests.ExtentReportsDemoWithTestNG" tests="2" failures="0" timestamp="2020-06-06T15:37:00 EDT" time="10.523" errors="0">
  <testcase name="testa2" time="0.099" classname="tests.ExtentReportsDemoWithTestNG"/>
  <system-out/>
  <testcase name="testa1" time="10.424" classname="tests.ExtentReportsDemoWithTestNG"/>
  <system-out/>
</testsuite> <!-- tests.ExtentReportsDemoWithTestNG -->
